<?xml version="1.0" encoding="UTF-8"?>
<!-- Generated by org.testng.reporters.JUnitReportReporter -->
<testsuite hostname="DESKTOP-79CNQ9D" failures="0" tests="1" name="com.testng.Expected_Exception_Concept" time="0.021" errors="0" timestamp="2022-06-06T20:14:54 BST" skipped="0">
  <testcase classname="com.testng.Expected_Exception_Concept" name="demo" time="0.021"/>
  <system-out/>
</testsuite> <!-- com.testng.Expected_Exception_Concept -->
