<?xml version="1.0" encoding="UTF-8"?>
<!-- Generated by org.testng.reporters.JUnitReportReporter -->
<testsuite hostname="DESKTOP-79CNQ9D" failures="0" tests="5" name="com.testng.Grouping_Concept" time="0.055" errors="0" timestamp="2022-06-06T20:10:40 BST" skipped="0">
  <testcase classname="com.testng.Grouping_Concept" name="mutton" time="0.006"/>
  <system-out/>
  <testcase classname="com.testng.Grouping_Concept" name="chicken" time="0.026"/>
  <system-out/>
  <testcase classname="com.testng.Grouping_Concept" name="fish" time="0.007"/>
  <system-out/>
  <testcase classname="com.testng.Grouping_Concept" name="mushroom" time="0.006"/>
  <system-out/>
  <testcase classname="com.testng.Grouping_Concept" name="panneer" time="0.010"/>
  <system-out/>
</testsuite> <!-- com.testng.Grouping_Concept -->
