<?xml version="1.0" encoding="UTF-8"?>
<!-- Generated by org.testng.reporters.JUnitReportReporter -->
<testsuite hostname="DESKTOP-79CNQ9D" failures="0" tests="1" name="com.testng.Soft_Assert_Concept" time="0.029" errors="0" timestamp="2022-06-06T21:04:15 BST" skipped="0">
  <testcase classname="com.testng.Soft_Assert_Concept" name="demo" time="0.029"/>
  <system-out/>
</testsuite> <!-- com.testng.Soft_Assert_Concept -->
