<?xml version="1.0" encoding="UTF-8"?>
<!-- Generated by org.testng.reporters.JUnitReportReporter -->
<testsuite hostname="DESKTOP-79CNQ9D" failures="0" tests="2" name="com.testng.Timeout_Concept" time="10.077" errors="0" timestamp="2022-06-06T20:14:03 BST" skipped="0">
  <testcase classname="com.testng.Timeout_Concept" name="login" time="5.059"/>
  <system-out/>
  <testcase classname="com.testng.Timeout_Concept" name="logout" time="5.018"/>
  <system-out/>
</testsuite> <!-- com.testng.Timeout_Concept -->
