<?xml version="1.0" encoding="UTF-8"?>
<!-- Generated by org.testng.reporters.JUnitReportReporter -->
<testsuite hostname="DESKTOP-79CNQ9D" failures="0" tests="2" name="com.testng.Dependency_Concept" time="0.023" errors="0" timestamp="2022-06-06T20:12:21 BST" skipped="0">
  <testcase classname="com.testng.Dependency_Concept" name="tenth" time="0.019"/>
  <system-out/>
  <testcase classname="com.testng.Dependency_Concept" name="twelth" time="0.004"/>
  <system-out/>
</testsuite> <!-- com.testng.Dependency_Concept -->
