<?xml version="1.0" encoding="UTF-8"?>
<!-- Generated by org.testng.reporters.JUnitReportReporter -->
<testsuite hostname="DESKTOP-79CNQ9D" failures="0" tests="3" name="com.testng.Ignore_Concept" time="0.023" errors="0" timestamp="2022-06-06T20:05:44 BST" skipped="1">
  <testcase classname="com.testng.Ignore_Concept" name="chicken" time="0.019"/>
  <system-out/>
  <testcase classname="com.testng.Ignore_Concept" name="mushroom" time="0.004"/>
  <system-out/>
  <testcase classname="com.testng.Ignore_Concept" name="panneer">
    <skipped/>
  </testcase> <!-- panneer -->
  <system-out/>
</testsuite> <!-- com.testng.Ignore_Concept -->
