<?xml version="1.0" encoding="UTF-8"?>
<!-- Generated by org.testng.reporters.JUnitReportReporter -->
<testsuite hostname="DESKTOP-79CNQ9D" failures="0" tests="4" name="com.testng.Simple_Annotation" time="0.068" errors="0" timestamp="2022-06-02T22:02:28 BST" skipped="0">
  <testcase classname="com.testng.Simple_Annotation" name="women" time="0.035"/>
  <system-out/>
  <testcase classname="com.testng.Simple_Annotation" name="men" time="0.011"/>
  <system-out/>
  <testcase classname="com.testng.Simple_Annotation" name="kids" time="0.011"/>
  <system-out/>
  <testcase classname="com.testng.Simple_Annotation" name="kids" time="0.011"/>
  <system-out/>
</testsuite> <!-- com.testng.Simple_Annotation -->
