<?xml version="1.0" encoding="UTF-8"?>
<!-- Generated by org.testng.reporters.JUnitReportReporter -->
<testsuite hostname="DESKTOP-79CNQ9D" failures="0" tests="2" name="com.testng.Dataprovider_Concept" time="0.020" errors="0" timestamp="2022-06-06T20:38:19 BST" skipped="0">
  <testcase classname="com.testng.Dataprovider_Concept" name="credentials" time="0.005"/>
  <system-out/>
  <testcase classname="com.testng.Dataprovider_Concept" name="credentials" time="0.015"/>
  <system-out/>
</testsuite> <!-- com.testng.Dataprovider_Concept -->
