<?xml version="1.0" encoding="UTF-8"?>
<!-- Generated by org.testng.reporters.JUnitReportReporter -->
<testsuite hostname="DESKTOP-79CNQ9D" failures="0" tests="1" name="com.testng.Hard_Assert_Concept" time="0.026" errors="0" timestamp="2022-06-06T20:54:46 BST" skipped="0">
  <testcase classname="com.testng.Hard_Assert_Concept" name="demo" time="0.026"/>
  <system-out/>
</testsuite> <!-- com.testng.Hard_Assert_Concept -->
