<?xml version="1.0" encoding="UTF-8"?>
<!-- Generated by org.testng.reporters.JUnitReportReporter -->
<testsuite hostname="DESKTOP-79CNQ9D" failures="0" tests="1" name="com.testng.Parameterized_Concept" time="0.018" errors="0" timestamp="2022-06-06T20:17:06 BST" skipped="0">
  <testcase classname="com.testng.Parameterized_Concept" name="credentials" time="0.018"/>
  <system-out/>
</testsuite> <!-- com.testng.Parameterized_Concept -->
