<?xml version="1.0" encoding="UTF-8"?>
<!-- Generated by org.testng.reporters.JUnitReportReporter -->
<testsuite hostname="DESKTOP-79CNQ9D" failures="0" tests="2" name="com.testng.Parallel_Concept" time="0.042" errors="0" timestamp="2022-06-06T21:28:39 BST" skipped="0">
  <testcase classname="com.testng.Parallel_Concept" name="facebook" time="0.021"/>
  <system-out/>
  <testcase classname="com.testng.Parallel_Concept" name="instagram" time="0.021"/>
  <system-out/>
</testsuite> <!-- com.testng.Parallel_Concept -->
